This is XeTeX, Version 3.14159265-2.6-0.99992 (TeX Live 2015/W32TeX) (preloaded format=xelatex 2015.11.19)  13 JAN 2016 19:11
entering extended mode
 restricted \write18 enabled.
 %&-line parsing enabled.
**./02_related_work.tex
(./02_related_work.tex
LaTeX2e <2015/10/01> patch level 2
Babel <3.9m> and hyphenation patterns for 79 languages loaded.
! Undefined control sequence.
l.1 \section
            {Related Work}
? 
! Emergency stop.
l.1 \section
            {Related Work}
End of file on the terminal!

 
Here is how much of TeX's memory you used:
 4 strings out of 493668
 76 string characters out of 6148790
 53498 words of memory out of 5000000
 3487 multiletter control sequences out of 15000+600000
 3640 words of font info for 14 fonts, out of 8000000 for 9000
 1328 hyphenation exceptions out of 8191
 5i,0n,1p,46b,8s stack positions out of 5000i,500n,10000p,200000b,80000s
No pages of output.
